Flow report for display_image_rom
Fri Nov 17 17:02:33 2023
Quartus Prime Version 16.1.0 Build 196 10/24/2016 SJ Lite Edition


---------------------
; Table of Contents ;
---------------------
  1. Legal Notice
  2. Flow Summary
  3. Flow Settings
  4. Flow Non-Default Global Settings
  5. Flow Elapsed Time
  6. Flow OS Summary
  7. Flow Log
  8. Flow Messages
  9. Flow Suppressed Messages



----------------
; Legal Notice ;
----------------
Copyright (C) 2016  Intel Corporation. All rights reserved.
Your use of Intel Corporation's design tools, logic functions 
and other software and tools, and its AMPP partner logic 
functions, and any output files from any of the foregoing 
(including device programming or simulation files), and any 
associated documentation or information are expressly subject 
to the terms and conditions of the Intel Program License 
Subscription Agreement, the Intel Quartus Prime License Agreement,
the Intel MegaCore Function License Agreement, or other 
applicable license agreement, including, without limitation, 
that your use is for the sole purpose of programming logic 
devices manufactured by Intel and sold by Intel or its 
authorized distributors.  Please refer to the applicable 
agreement for further details.



+-------------------------------------------------------------------------------+
; Flow Summary                                                                  ;
+---------------------------------+---------------------------------------------+
; Flow Status                     ; Successful - Fri Nov 17 17:02:33 2023       ;
; Quartus Prime Version           ; 16.1.0 Build 196 10/24/2016 SJ Lite Edition ;
; Revision Name                   ; display_image_rom                           ;
; Top-level Entity Name           ; display_image_rom                           ;
; Family                          ; Cyclone V                                   ;
; Device                          ; 5CSEMA5F31C6                                ;
; Timing Models                   ; Final                                       ;
; Logic utilization (in ALMs)     ; 78 / 32,070 ( < 1 % )                       ;
; Total registers                 ; 174                                         ;
; Total pins                      ; 31 / 457 ( 7 % )                            ;
; Total virtual pins              ; 0                                           ;
; Total block memory bits         ; 6,144 / 4,065,280 ( < 1 % )                 ;
; Total DSP Blocks                ; 0 / 87 ( 0 % )                              ;
; Total HSSI RX PCSs              ; 0                                           ;
; Total HSSI PMA RX Deserializers ; 0                                           ;
; Total HSSI TX PCSs              ; 0                                           ;
; Total HSSI PMA TX Serializers   ; 0                                           ;
; Total PLLs                      ; 0 / 6 ( 0 % )                               ;
; Total DLLs                      ; 0 / 4 ( 0 % )                               ;
+---------------------------------+---------------------------------------------+


+-----------------------------------------+
; Flow Settings                           ;
+-------------------+---------------------+
; Option            ; Setting             ;
+-------------------+---------------------+
; Start date & time ; 11/17/2023 17:01:03 ;
; Main task         ; Compilation         ;
; Revision Name     ; display_image_rom   ;
+-------------------+---------------------+


+-----------------------------------------------------------------------------------------------------------------------------+
; Flow Non-Default Global Settings                                                                                            ;
+-------------------------------------+----------------------------------------+---------------+-------------+----------------+
; Assignment Name                     ; Value                                  ; Default Value ; Entity Name ; Section Id     ;
+-------------------------------------+----------------------------------------+---------------+-------------+----------------+
; COMPILER_SIGNATURE_ID               ; 154027275476591.170023686315552        ; --            ; --          ; --             ;
; EDA_OUTPUT_DATA_FORMAT              ; Vhdl                                   ; --            ; --          ; eda_simulation ;
; EDA_SIMULATION_TOOL                 ; ModelSim-Altera (VHDL)                 ; <None>        ; --          ; --             ;
; EDA_TIME_SCALE                      ; 1 ps                                   ; --            ; --          ; eda_simulation ;
; MAX_CORE_JUNCTION_TEMP              ; 85                                     ; --            ; --          ; --             ;
; MIN_CORE_JUNCTION_TEMP              ; 0                                      ; --            ; --          ; --             ;
; MISC_FILE                           ; img_rom_r.bsf                          ; --            ; --          ; --             ;
; MISC_FILE                           ; img_rom_r_inst.vhd                     ; --            ; --          ; --             ;
; MISC_FILE                           ; img_rom_r.inc                          ; --            ; --          ; --             ;
; MISC_FILE                           ; img_rom_r.cmp                          ; --            ; --          ; --             ;
; MISC_FILE                           ; img_rom_g.bsf                          ; --            ; --          ; --             ;
; MISC_FILE                           ; img_rom_g_inst.vhd                     ; --            ; --          ; --             ;
; MISC_FILE                           ; img_rom_g.inc                          ; --            ; --          ; --             ;
; MISC_FILE                           ; img_rom_g.cmp                          ; --            ; --          ; --             ;
; MISC_FILE                           ; img_rom_b.bsf                          ; --            ; --          ; --             ;
; MISC_FILE                           ; img_rom_b_inst.vhd                     ; --            ; --          ; --             ;
; MISC_FILE                           ; img_rom_b.inc                          ; --            ; --          ; --             ;
; MISC_FILE                           ; img_rom_b.cmp                          ; --            ; --          ; --             ;
; PARTITION_COLOR                     ; -- (Not supported for targeted family) ; --            ; --          ; Top            ;
; PARTITION_FITTER_PRESERVATION_LEVEL ; -- (Not supported for targeted family) ; --            ; --          ; Top            ;
; PARTITION_NETLIST_TYPE              ; -- (Not supported for targeted family) ; --            ; --          ; Top            ;
; PROJECT_OUTPUT_DIRECTORY            ; output_files                           ; --            ; --          ; --             ;
+-------------------------------------+----------------------------------------+---------------+-------------+----------------+


+-------------------------------------------------------------------------------------------------------------------------------+
; Flow Elapsed Time                                                                                                             ;
+---------------------------+--------------+-------------------------+---------------------+------------------------------------+
; Module Name               ; Elapsed Time ; Average Processors Used ; Peak Virtual Memory ; Total CPU Time (on all processors) ;
+---------------------------+--------------+-------------------------+---------------------+------------------------------------+
; Analysis & Synthesis      ; 00:00:15     ; 1.0                     ; 4870 MB             ; 00:00:32                           ;
; Fitter                    ; 00:00:52     ; 1.0                     ; 6313 MB             ; 00:01:24                           ;
; Assembler                 ; 00:00:07     ; 1.0                     ; 4822 MB             ; 00:00:07                           ;
; TimeQuest Timing Analyzer ; 00:00:09     ; 1.1                     ; 5132 MB             ; 00:00:09                           ;
; EDA Netlist Writer        ; 00:00:02     ; 1.0                     ; 4733 MB             ; 00:00:02                           ;
; Total                     ; 00:01:25     ; --                      ; --                  ; 00:02:14                           ;
+---------------------------+--------------+-------------------------+---------------------+------------------------------------+


+-----------------------------------------------------------------------------------------+
; Flow OS Summary                                                                         ;
+---------------------------+------------------+------------+------------+----------------+
; Module Name               ; Machine Hostname ; OS Name    ; OS Version ; Processor type ;
+---------------------------+------------------+------------+------------+----------------+
; Analysis & Synthesis      ; DESKTOP-I0292P0  ; Windows 10 ; 10.0       ; x86_64         ;
; Fitter                    ; DESKTOP-I0292P0  ; Windows 10 ; 10.0       ; x86_64         ;
; Assembler                 ; DESKTOP-I0292P0  ; Windows 10 ; 10.0       ; x86_64         ;
; TimeQuest Timing Analyzer ; DESKTOP-I0292P0  ; Windows 10 ; 10.0       ; x86_64         ;
; EDA Netlist Writer        ; DESKTOP-I0292P0  ; Windows 10 ; 10.0       ; x86_64         ;
+---------------------------+------------------+------------+------------+----------------+


------------
; Flow Log ;
------------
quartus_map --read_settings_files=on --write_settings_files=off display_image_rom -c display_image_rom
quartus_fit --read_settings_files=off --write_settings_files=off display_image_rom -c display_image_rom
quartus_asm --read_settings_files=off --write_settings_files=off display_image_rom -c display_image_rom
quartus_sta display_image_rom -c display_image_rom
quartus_eda --read_settings_files=off --write_settings_files=off display_image_rom -c display_image_rom



