Analysis & Synthesis report for programmable_timer
Sat Nov 18 14:55:45 2023
Quartus Prime Version 16.1.0 Build 196 10/24/2016 SJ Lite Edition


---------------------
; Table of Contents ;
---------------------
  1. Legal Notice
  2. Analysis & Synthesis Summary
  3. Analysis & Synthesis Settings
  4. Parallel Compilation
  5. Analysis & Synthesis Source Files Read
  6. Analysis & Synthesis Resource Usage Summary
  7. Analysis & Synthesis Resource Utilization by Entity
  8. Registers Removed During Synthesis
  9. General Register Statistics
 10. Multiplexer Restructuring Statistics (Restructuring Performed)
 11. Parameter Settings for Inferred Entity Instance: lpm_divide:Mod0
 12. Parameter Settings for Inferred Entity Instance: lpm_divide:Mod1
 13. Parameter Settings for Inferred Entity Instance: lpm_divide:Div1
 14. Parameter Settings for Inferred Entity Instance: lpm_divide:Div0
 15. Port Connectivity Checks: "hex_to_seg:secs_ones_hex_to_seg"
 16. Port Connectivity Checks: "hex_to_seg:secs_tens_hex_to_seg"
 17. Port Connectivity Checks: "hex_to_seg:mins_hex_to_seg"
 18. Post-Synthesis Netlist Statistics for Top Partition
 19. Elapsed Time Per Partition
 20. Analysis & Synthesis Messages



----------------
; Legal Notice ;
----------------
Copyright (C) 2016  Intel Corporation. All rights reserved.
Your use of Intel Corporation's design tools, logic functions 
and other software and tools, and its AMPP partner logic 
functions, and any output files from any of the foregoing 
(including device programming or simulation files), and any 
associated documentation or information are expressly subject 
to the terms and conditions of the Intel Program License 
Subscription Agreement, the Intel Quartus Prime License Agreement,
the Intel MegaCore Function License Agreement, or other 
applicable license agreement, including, without limitation, 
that your use is for the sole purpose of programming logic 
devices manufactured by Intel and sold by Intel or its 
authorized distributors.  Please refer to the applicable 
agreement for further details.



+-------------------------------------------------------------------------------+
; Analysis & Synthesis Summary                                                  ;
+---------------------------------+---------------------------------------------+
; Analysis & Synthesis Status     ; Successful - Sat Nov 18 14:55:45 2023       ;
; Quartus Prime Version           ; 16.1.0 Build 196 10/24/2016 SJ Lite Edition ;
; Revision Name                   ; programmable_timer                          ;
; Top-level Entity Name           ; programmable_timer                          ;
; Family                          ; Cyclone V                                   ;
; Logic utilization (in ALMs)     ; N/A                                         ;
; Total registers                 ; 55                                          ;
; Total pins                      ; 37                                          ;
; Total virtual pins              ; 0                                           ;
; Total block memory bits         ; 0                                           ;
; Total DSP Blocks                ; 0                                           ;
; Total HSSI RX PCSs              ; 0                                           ;
; Total HSSI PMA RX Deserializers ; 0                                           ;
; Total HSSI TX PCSs              ; 0                                           ;
; Total HSSI PMA TX Serializers   ; 0                                           ;
; Total PLLs                      ; 0                                           ;
; Total DLLs                      ; 0                                           ;
+---------------------------------+---------------------------------------------+


+---------------------------------------------------------------------------------------------------------------------------+
; Analysis & Synthesis Settings                                                                                             ;
+---------------------------------------------------------------------------------+--------------------+--------------------+
; Option                                                                          ; Setting            ; Default Value      ;
+---------------------------------------------------------------------------------+--------------------+--------------------+
; Device                                                                          ; 5CSEMA5F31C6       ;                    ;
; Top-level entity name                                                           ; programmable_timer ; programmable_timer ;
; Family name                                                                     ; Cyclone V          ; Cyclone V          ;
; Use smart compilation                                                           ; Off                ; Off                ;
; Enable parallel Assembler and TimeQuest Timing Analyzer during compilation      ; On                 ; On                 ;
; Enable compact report table                                                     ; Off                ; Off                ;
; Restructure Multiplexers                                                        ; Auto               ; Auto               ;
; MLAB Add Timing Constraints For Mixed-Port Feed-Through Mode Setting Don't Care ; Off                ; Off                ;
; Create Debugging Nodes for IP Cores                                             ; Off                ; Off                ;
; Preserve fewer node names                                                       ; On                 ; On                 ;
; OpenCore Plus hardware evaluation                                               ; Enable             ; Enable             ;
; Verilog Version                                                                 ; Verilog_2001       ; Verilog_2001       ;
; VHDL Version                                                                    ; VHDL_1993          ; VHDL_1993          ;
; State Machine Processing                                                        ; Auto               ; Auto               ;
; Safe State Machine                                                              ; Off                ; Off                ;
; Extract Verilog State Machines                                                  ; On                 ; On                 ;
; Extract VHDL State Machines                                                     ; On                 ; On                 ;
; Ignore Verilog initial constructs                                               ; Off                ; Off                ;
; Iteration limit for constant Verilog loops                                      ; 5000               ; 5000               ;
; Iteration limit for non-constant Verilog loops                                  ; 250                ; 250                ;
; Add Pass-Through Logic to Inferred RAMs                                         ; On                 ; On                 ;
; Infer RAMs from Raw Logic                                                       ; On                 ; On                 ;
; Parallel Synthesis                                                              ; On                 ; On                 ;
; DSP Block Balancing                                                             ; Auto               ; Auto               ;
; NOT Gate Push-Back                                                              ; On                 ; On                 ;
; Power-Up Don't Care                                                             ; On                 ; On                 ;
; Remove Redundant Logic Cells                                                    ; Off                ; Off                ;
; Remove Duplicate Registers                                                      ; On                 ; On                 ;
; Ignore CARRY Buffers                                                            ; Off                ; Off                ;
; Ignore CASCADE Buffers                                                          ; Off                ; Off                ;
; Ignore GLOBAL Buffers                                                           ; Off                ; Off                ;
; Ignore ROW GLOBAL Buffers                                                       ; Off                ; Off                ;
; Ignore LCELL Buffers                                                            ; Off                ; Off                ;
; Ignore SOFT Buffers                                                             ; On                 ; On                 ;
; Limit AHDL Integers to 32 Bits                                                  ; Off                ; Off                ;
; Optimization Technique                                                          ; Balanced           ; Balanced           ;
; Carry Chain Length                                                              ; 70                 ; 70                 ;
; Auto Carry Chains                                                               ; On                 ; On                 ;
; Auto Open-Drain Pins                                                            ; On                 ; On                 ;
; Perform WYSIWYG Primitive Resynthesis                                           ; Off                ; Off                ;
; Auto ROM Replacement                                                            ; On                 ; On                 ;
; Auto RAM Replacement                                                            ; On                 ; On                 ;
; Auto DSP Block Replacement                                                      ; On                 ; On                 ;
; Auto Shift Register Replacement                                                 ; Auto               ; Auto               ;
; Allow Shift Register Merging across Hierarchies                                 ; Auto               ; Auto               ;
; Auto Clock Enable Replacement                                                   ; On                 ; On                 ;
; Strict RAM Replacement                                                          ; Off                ; Off                ;
; Allow Synchronous Control Signals                                               ; On                 ; On                 ;
; Force Use of Synchronous Clear Signals                                          ; Off                ; Off                ;
; Auto Resource Sharing                                                           ; Off                ; Off                ;
; Allow Any RAM Size For Recognition                                              ; Off                ; Off                ;
; Allow Any ROM Size For Recognition                                              ; Off                ; Off                ;
; Allow Any Shift Register Size For Recognition                                   ; Off                ; Off                ;
; Use LogicLock Constraints during Resource Balancing                             ; On                 ; On                 ;
; Ignore translate_off and synthesis_off directives                               ; Off                ; Off                ;
; Timing-Driven Synthesis                                                         ; On                 ; On                 ;
; Report Parameter Settings                                                       ; On                 ; On                 ;
; Report Source Assignments                                                       ; On                 ; On                 ;
; Report Connectivity Checks                                                      ; On                 ; On                 ;
; Ignore Maximum Fan-Out Assignments                                              ; Off                ; Off                ;
; Synchronization Register Chain Length                                           ; 3                  ; 3                  ;
; PowerPlay Power Optimization During Synthesis                                   ; Normal compilation ; Normal compilation ;
; HDL message level                                                               ; Level2             ; Level2             ;
; Suppress Register Optimization Related Messages                                 ; Off                ; Off                ;
; Number of Removed Registers Reported in Synthesis Report                        ; 5000               ; 5000               ;
; Number of Swept Nodes Reported in Synthesis Report                              ; 5000               ; 5000               ;
; Number of Inverted Registers Reported in Synthesis Report                       ; 100                ; 100                ;
; Clock MUX Protection                                                            ; On                 ; On                 ;
; Auto Gated Clock Conversion                                                     ; Off                ; Off                ;
; Block Design Naming                                                             ; Auto               ; Auto               ;
; SDC constraint protection                                                       ; Off                ; Off                ;
; Synthesis Effort                                                                ; Auto               ; Auto               ;
; Shift Register Replacement - Allow Asynchronous Clear Signal                    ; On                 ; On                 ;
; Pre-Mapping Resynthesis Optimization                                            ; Off                ; Off                ;
; Analysis & Synthesis Message Level                                              ; Medium             ; Medium             ;
; Disable Register Merging Across Hierarchies                                     ; Auto               ; Auto               ;
; Resource Aware Inference For Block RAM                                          ; On                 ; On                 ;
; Automatic Parallel Synthesis                                                    ; On                 ; On                 ;
; Partial Reconfiguration Bitstream ID                                            ; Off                ; Off                ;
+---------------------------------------------------------------------------------+--------------------+--------------------+


+------------------------------------------+
; Parallel Compilation                     ;
+----------------------------+-------------+
; Processors                 ; Number      ;
+----------------------------+-------------+
; Number detected on machine ; 4           ;
; Maximum allowed            ; 2           ;
;                            ;             ;
; Average used               ; 1.00        ;
; Maximum used               ; 2           ;
;                            ;             ;
; Usage by Processor         ; % Time Used ;
;     Processor 1            ; 100.0%      ;
;     Processor 2            ;   0.0%      ;
+----------------------------+-------------+


+----------------------------------------------------------------------------------------------------------------------------------------------------------------------------------------------+
; Analysis & Synthesis Source Files Read                                                                                                                                                       ;
+----------------------------------+-----------------+------------------------------+------------------------------------------------------------------------------------------------+---------+
; File Name with User-Entered Path ; Used in Netlist ; File Type                    ; File Name with Absolute Path                                                                   ; Library ;
+----------------------------------+-----------------+------------------------------+------------------------------------------------------------------------------------------------+---------+
; programmable_timer.vhd           ; yes             ; User VHDL File               ; C:/Users/Administrator/Downloads/Polito/DE/Lab02/programmable_timer/programmable_timer.vhd     ;         ;
; hex_to_seg.vhd                   ; yes             ; User VHDL File               ; C:/Users/Administrator/Downloads/Polito/DE/Lab02/programmable_timer/hex_to_seg.vhd             ;         ;
; lpm_divide.tdf                   ; yes             ; Megafunction                 ; c:/intelfpga_lite/16.1/quartus/libraries/megafunctions/lpm_divide.tdf                          ;         ;
; abs_divider.inc                  ; yes             ; Megafunction                 ; c:/intelfpga_lite/16.1/quartus/libraries/megafunctions/abs_divider.inc                         ;         ;
; sign_div_unsign.inc              ; yes             ; Megafunction                 ; c:/intelfpga_lite/16.1/quartus/libraries/megafunctions/sign_div_unsign.inc                     ;         ;
; aglobal161.inc                   ; yes             ; Megafunction                 ; c:/intelfpga_lite/16.1/quartus/libraries/megafunctions/aglobal161.inc                          ;         ;
; db/lpm_divide_e2m.tdf            ; yes             ; Auto-Generated Megafunction  ; C:/Users/Administrator/Downloads/Polito/DE/Lab02/programmable_timer/db/lpm_divide_e2m.tdf      ;         ;
; db/sign_div_unsign_hkh.tdf       ; yes             ; Auto-Generated Megafunction  ; C:/Users/Administrator/Downloads/Polito/DE/Lab02/programmable_timer/db/sign_div_unsign_hkh.tdf ;         ;
; db/alt_u_div_8te.tdf             ; yes             ; Auto-Generated Megafunction  ; C:/Users/Administrator/Downloads/Polito/DE/Lab02/programmable_timer/db/alt_u_div_8te.tdf       ;         ;
; db/lpm_divide_6am.tdf            ; yes             ; Auto-Generated Megafunction  ; C:/Users/Administrator/Downloads/Polito/DE/Lab02/programmable_timer/db/lpm_divide_6am.tdf      ;         ;
; db/sign_div_unsign_ckh.tdf       ; yes             ; Auto-Generated Megafunction  ; C:/Users/Administrator/Downloads/Polito/DE/Lab02/programmable_timer/db/sign_div_unsign_ckh.tdf ;         ;
; db/alt_u_div_use.tdf             ; yes             ; Auto-Generated Megafunction  ; C:/Users/Administrator/Downloads/Polito/DE/Lab02/programmable_timer/db/alt_u_div_use.tdf       ;         ;
; db/lpm_divide_8am.tdf            ; yes             ; Auto-Generated Megafunction  ; C:/Users/Administrator/Downloads/Polito/DE/Lab02/programmable_timer/db/lpm_divide_8am.tdf      ;         ;
; db/sign_div_unsign_ekh.tdf       ; yes             ; Auto-Generated Megafunction  ; C:/Users/Administrator/Downloads/Polito/DE/Lab02/programmable_timer/db/sign_div_unsign_ekh.tdf ;         ;
; db/alt_u_div_2te.tdf             ; yes             ; Auto-Generated Megafunction  ; C:/Users/Administrator/Downloads/Polito/DE/Lab02/programmable_timer/db/alt_u_div_2te.tdf       ;         ;
+----------------------------------+-----------------+------------------------------+------------------------------------------------------------------------------------------------+---------+


+--------------------------------------------------------------+
; Analysis & Synthesis Resource Usage Summary                  ;
+---------------------------------------------+----------------+
; Resource                                    ; Usage          ;
+---------------------------------------------+----------------+
; Estimate of Logic utilization (ALMs needed) ; 201            ;
;                                             ;                ;
; Combinational ALUT usage for logic          ; 391            ;
;     -- 7 input functions                    ; 0              ;
;     -- 6 input functions                    ; 8              ;
;     -- 5 input functions                    ; 12             ;
;     -- 4 input functions                    ; 81             ;
;     -- <=3 input functions                  ; 290            ;
;                                             ;                ;
; Dedicated logic registers                   ; 55             ;
;                                             ;                ;
; I/O pins                                    ; 37             ;
;                                             ;                ;
; Total DSP Blocks                            ; 0              ;
;                                             ;                ;
; Maximum fan-out node                        ; CLOCK_50~input ;
; Maximum fan-out                             ; 55             ;
; Total fan-out                               ; 1404           ;
; Average fan-out                             ; 2.70           ;
+---------------------------------------------+----------------+


+------------------------------------------------------------------------------------------------------------------------------------------------------------------------------------------------------------------------------------------------------------------------------------------------------------+
; Analysis & Synthesis Resource Utilization by Entity                                                                                                                                                                                                                                                        ;
+----------------------------------------+---------------------+---------------------------+-------------------+------------+------+--------------+---------------------------------------------------------------------------------------------------------------------+---------------------+--------------+
; Compilation Hierarchy Node             ; Combinational ALUTs ; Dedicated Logic Registers ; Block Memory Bits ; DSP Blocks ; Pins ; Virtual Pins ; Full Hierarchy Name                                                                                                 ; Entity Name         ; Library Name ;
+----------------------------------------+---------------------+---------------------------+-------------------+------------+------+--------------+---------------------------------------------------------------------------------------------------------------------+---------------------+--------------+
; |programmable_timer                    ; 391 (81)            ; 55 (55)                   ; 0                 ; 0          ; 37   ; 0            ; |programmable_timer                                                                                                 ; programmable_timer  ; work         ;
;    |hex_to_seg:mins_hex_to_seg|        ; 7 (7)               ; 0 (0)                     ; 0                 ; 0          ; 0    ; 0            ; |programmable_timer|hex_to_seg:mins_hex_to_seg                                                                      ; hex_to_seg          ; work         ;
;    |hex_to_seg:secs_ones_hex_to_seg|   ; 7 (7)               ; 0 (0)                     ; 0                 ; 0          ; 0    ; 0            ; |programmable_timer|hex_to_seg:secs_ones_hex_to_seg                                                                 ; hex_to_seg          ; work         ;
;    |hex_to_seg:secs_tens_hex_to_seg|   ; 7 (7)               ; 0 (0)                     ; 0                 ; 0          ; 0    ; 0            ; |programmable_timer|hex_to_seg:secs_tens_hex_to_seg                                                                 ; hex_to_seg          ; work         ;
;    |lpm_divide:Div0|                   ; 54 (0)              ; 0 (0)                     ; 0                 ; 0          ; 0    ; 0            ; |programmable_timer|lpm_divide:Div0                                                                                 ; lpm_divide          ; work         ;
;       |lpm_divide_8am:auto_generated|  ; 54 (0)              ; 0 (0)                     ; 0                 ; 0          ; 0    ; 0            ; |programmable_timer|lpm_divide:Div0|lpm_divide_8am:auto_generated                                                   ; lpm_divide_8am      ; work         ;
;          |sign_div_unsign_ekh:divider| ; 54 (0)              ; 0 (0)                     ; 0                 ; 0          ; 0    ; 0            ; |programmable_timer|lpm_divide:Div0|lpm_divide_8am:auto_generated|sign_div_unsign_ekh:divider                       ; sign_div_unsign_ekh ; work         ;
;             |alt_u_div_2te:divider|    ; 54 (54)             ; 0 (0)                     ; 0                 ; 0          ; 0    ; 0            ; |programmable_timer|lpm_divide:Div0|lpm_divide_8am:auto_generated|sign_div_unsign_ekh:divider|alt_u_div_2te:divider ; alt_u_div_2te       ; work         ;
;    |lpm_divide:Div1|                   ; 58 (0)              ; 0 (0)                     ; 0                 ; 0          ; 0    ; 0            ; |programmable_timer|lpm_divide:Div1                                                                                 ; lpm_divide          ; work         ;
;       |lpm_divide_6am:auto_generated|  ; 58 (0)              ; 0 (0)                     ; 0                 ; 0          ; 0    ; 0            ; |programmable_timer|lpm_divide:Div1|lpm_divide_6am:auto_generated                                                   ; lpm_divide_6am      ; work         ;
;          |sign_div_unsign_ckh:divider| ; 58 (0)              ; 0 (0)                     ; 0                 ; 0          ; 0    ; 0            ; |programmable_timer|lpm_divide:Div1|lpm_divide_6am:auto_generated|sign_div_unsign_ckh:divider                       ; sign_div_unsign_ckh ; work         ;
;             |alt_u_div_use:divider|    ; 58 (58)             ; 0 (0)                     ; 0                 ; 0          ; 0    ; 0            ; |programmable_timer|lpm_divide:Div1|lpm_divide_6am:auto_generated|sign_div_unsign_ckh:divider|alt_u_div_use:divider ; alt_u_div_use       ; work         ;
;    |lpm_divide:Mod0|                   ; 89 (0)              ; 0 (0)                     ; 0                 ; 0          ; 0    ; 0            ; |programmable_timer|lpm_divide:Mod0                                                                                 ; lpm_divide          ; work         ;
;       |lpm_divide_e2m:auto_generated|  ; 89 (0)              ; 0 (0)                     ; 0                 ; 0          ; 0    ; 0            ; |programmable_timer|lpm_divide:Mod0|lpm_divide_e2m:auto_generated                                                   ; lpm_divide_e2m      ; work         ;
;          |sign_div_unsign_hkh:divider| ; 89 (0)              ; 0 (0)                     ; 0                 ; 0          ; 0    ; 0            ; |programmable_timer|lpm_divide:Mod0|lpm_divide_e2m:auto_generated|sign_div_unsign_hkh:divider                       ; sign_div_unsign_hkh ; work         ;
;             |alt_u_div_8te:divider|    ; 89 (89)             ; 0 (0)                     ; 0                 ; 0          ; 0    ; 0            ; |programmable_timer|lpm_divide:Mod0|lpm_divide_e2m:auto_generated|sign_div_unsign_hkh:divider|alt_u_div_8te:divider ; alt_u_div_8te       ; work         ;
;    |lpm_divide:Mod1|                   ; 88 (0)              ; 0 (0)                     ; 0                 ; 0          ; 0    ; 0            ; |programmable_timer|lpm_divide:Mod1                                                                                 ; lpm_divide          ; work         ;
;       |lpm_divide_e2m:auto_generated|  ; 88 (0)              ; 0 (0)                     ; 0                 ; 0          ; 0    ; 0            ; |programmable_timer|lpm_divide:Mod1|lpm_divide_e2m:auto_generated                                                   ; lpm_divide_e2m      ; work         ;
;          |sign_div_unsign_hkh:divider| ; 88 (0)              ; 0 (0)                     ; 0                 ; 0          ; 0    ; 0            ; |programmable_timer|lpm_divide:Mod1|lpm_divide_e2m:auto_generated|sign_div_unsign_hkh:divider                       ; sign_div_unsign_hkh ; work         ;
;             |alt_u_div_8te:divider|    ; 88 (88)             ; 0 (0)                     ; 0                 ; 0          ; 0    ; 0            ; |programmable_timer|lpm_divide:Mod1|lpm_divide_e2m:auto_generated|sign_div_unsign_hkh:divider|alt_u_div_8te:divider ; alt_u_div_8te       ; work         ;
+----------------------------------------+---------------------+---------------------------+-------------------+------------+------+--------------+---------------------------------------------------------------------------------------------------------------------+---------------------+--------------+
Note: For table entries with two numbers listed, the numbers in parentheses indicate the number of resources of the given type used by the specific entity alone. The numbers listed outside of parentheses indicate the total resources of the given type used by the specific entity and all of its sub-entities in the hierarchy.


+--------------------------------------------------------------------------------+
; Registers Removed During Synthesis                                             ;
+---------------------------------------+----------------------------------------+
; Register name                         ; Reason for Removal                     ;
+---------------------------------------+----------------------------------------+
; int2hex_mins[3]                       ; Stuck at GND due to stuck port data_in ;
; int2hex_secs_tens[3]                  ; Stuck at GND due to stuck port data_in ;
; Total Number of Removed Registers = 2 ;                                        ;
+---------------------------------------+----------------------------------------+


+------------------------------------------------------+
; General Register Statistics                          ;
+----------------------------------------------+-------+
; Statistic                                    ; Value ;
+----------------------------------------------+-------+
; Total registers                              ; 55    ;
; Number of registers using Synchronous Clear  ; 26    ;
; Number of registers using Synchronous Load   ; 0     ;
; Number of registers using Asynchronous Clear ; 9     ;
; Number of registers using Asynchronous Load  ; 0     ;
; Number of registers using Clock Enable       ; 54    ;
; Number of registers using Preset             ; 0     ;
+----------------------------------------------+-------+


+--------------------------------------------------------------------------------------------------------------------------------------------------------------------------+
; Multiplexer Restructuring Statistics (Restructuring Performed)                                                                                                           ;
+--------------------+-----------+---------------+----------------------+------------------------+------------+------------------------------------------------------------+
; Multiplexer Inputs ; Bus Width ; Baseline Area ; Area if Restructured ; Saving if Restructured ; Registered ; Example Multiplexer Output                                 ;
+--------------------+-----------+---------------+----------------------+------------------------+------------+------------------------------------------------------------+
; 3:1                ; 2 bits    ; 4 LEs         ; 4 LEs                ; 0 LEs                  ; No         ; |programmable_timer|hex_to_seg:secs_tens_hex_to_seg|seg[0] ;
; 3:1                ; 2 bits    ; 4 LEs         ; 4 LEs                ; 0 LEs                  ; No         ; |programmable_timer|hex_to_seg:mins_hex_to_seg|seg[2]      ;
+--------------------+-----------+---------------+----------------------+------------------------+------------+------------------------------------------------------------+


+------------------------------------------------------------------+
; Parameter Settings for Inferred Entity Instance: lpm_divide:Mod0 ;
+------------------------+----------------+------------------------+
; Parameter Name         ; Value          ; Type                   ;
+------------------------+----------------+------------------------+
; LPM_WIDTHN             ; 9              ; Untyped                ;
; LPM_WIDTHD             ; 9              ; Untyped                ;
; LPM_NREPRESENTATION    ; UNSIGNED       ; Untyped                ;
; LPM_DREPRESENTATION    ; UNSIGNED       ; Untyped                ;
; LPM_PIPELINE           ; 0              ; Untyped                ;
; LPM_REMAINDERPOSITIVE  ; TRUE           ; Untyped                ;
; MAXIMIZE_SPEED         ; 5              ; Untyped                ;
; CBXI_PARAMETER         ; lpm_divide_e2m ; Untyped                ;
; CARRY_CHAIN            ; MANUAL         ; Untyped                ;
; OPTIMIZE_FOR_SPEED     ; 5              ; Untyped                ;
; AUTO_CARRY_CHAINS      ; ON             ; AUTO_CARRY             ;
; IGNORE_CARRY_BUFFERS   ; OFF            ; IGNORE_CARRY           ;
; AUTO_CASCADE_CHAINS    ; ON             ; AUTO_CASCADE           ;
; IGNORE_CASCADE_BUFFERS ; OFF            ; IGNORE_CASCADE         ;
+------------------------+----------------+------------------------+
Note: In order to hide this table in the UI and the text report file, please set the "Show Parameter Settings in Synthesis Report" option in "Analysis and Synthesis Settings -> More Settings" to "Off".


+------------------------------------------------------------------+
; Parameter Settings for Inferred Entity Instance: lpm_divide:Mod1 ;
+------------------------+----------------+------------------------+
; Parameter Name         ; Value          ; Type                   ;
+------------------------+----------------+------------------------+
; LPM_WIDTHN             ; 9              ; Untyped                ;
; LPM_WIDTHD             ; 9              ; Untyped                ;
; LPM_NREPRESENTATION    ; UNSIGNED       ; Untyped                ;
; LPM_DREPRESENTATION    ; UNSIGNED       ; Untyped                ;
; LPM_PIPELINE           ; 0              ; Untyped                ;
; LPM_REMAINDERPOSITIVE  ; TRUE           ; Untyped                ;
; MAXIMIZE_SPEED         ; 5              ; Untyped                ;
; CBXI_PARAMETER         ; lpm_divide_e2m ; Untyped                ;
; CARRY_CHAIN            ; MANUAL         ; Untyped                ;
; OPTIMIZE_FOR_SPEED     ; 5              ; Untyped                ;
; AUTO_CARRY_CHAINS      ; ON             ; AUTO_CARRY             ;
; IGNORE_CARRY_BUFFERS   ; OFF            ; IGNORE_CARRY           ;
; AUTO_CASCADE_CHAINS    ; ON             ; AUTO_CASCADE           ;
; IGNORE_CASCADE_BUFFERS ; OFF            ; IGNORE_CASCADE         ;
+------------------------+----------------+------------------------+
Note: In order to hide this table in the UI and the text report file, please set the "Show Parameter Settings in Synthesis Report" option in "Analysis and Synthesis Settings -> More Settings" to "Off".


+------------------------------------------------------------------+
; Parameter Settings for Inferred Entity Instance: lpm_divide:Div1 ;
+------------------------+----------------+------------------------+
; Parameter Name         ; Value          ; Type                   ;
+------------------------+----------------+------------------------+
; LPM_WIDTHN             ; 9              ; Untyped                ;
; LPM_WIDTHD             ; 4              ; Untyped                ;
; LPM_NREPRESENTATION    ; UNSIGNED       ; Untyped                ;
; LPM_DREPRESENTATION    ; UNSIGNED       ; Untyped                ;
; LPM_PIPELINE           ; 0              ; Untyped                ;
; LPM_REMAINDERPOSITIVE  ; TRUE           ; Untyped                ;
; MAXIMIZE_SPEED         ; 5              ; Untyped                ;
; CBXI_PARAMETER         ; lpm_divide_6am ; Untyped                ;
; CARRY_CHAIN            ; MANUAL         ; Untyped                ;
; OPTIMIZE_FOR_SPEED     ; 5              ; Untyped                ;
; AUTO_CARRY_CHAINS      ; ON             ; AUTO_CARRY             ;
; IGNORE_CARRY_BUFFERS   ; OFF            ; IGNORE_CARRY           ;
; AUTO_CASCADE_CHAINS    ; ON             ; AUTO_CASCADE           ;
; IGNORE_CASCADE_BUFFERS ; OFF            ; IGNORE_CASCADE         ;
+------------------------+----------------+------------------------+
Note: In order to hide this table in the UI and the text report file, please set the "Show Parameter Settings in Synthesis Report" option in "Analysis and Synthesis Settings -> More Settings" to "Off".


+------------------------------------------------------------------+
; Parameter Settings for Inferred Entity Instance: lpm_divide:Div0 ;
+------------------------+----------------+------------------------+
; Parameter Name         ; Value          ; Type                   ;
+------------------------+----------------+------------------------+
; LPM_WIDTHN             ; 9              ; Untyped                ;
; LPM_WIDTHD             ; 6              ; Untyped                ;
; LPM_NREPRESENTATION    ; UNSIGNED       ; Untyped                ;
; LPM_DREPRESENTATION    ; UNSIGNED       ; Untyped                ;
; LPM_PIPELINE           ; 0              ; Untyped                ;
; LPM_REMAINDERPOSITIVE  ; TRUE           ; Untyped                ;
; MAXIMIZE_SPEED         ; 5              ; Untyped                ;
; CBXI_PARAMETER         ; lpm_divide_8am ; Untyped                ;
; CARRY_CHAIN            ; MANUAL         ; Untyped                ;
; OPTIMIZE_FOR_SPEED     ; 5              ; Untyped                ;
; AUTO_CARRY_CHAINS      ; ON             ; AUTO_CARRY             ;
; IGNORE_CARRY_BUFFERS   ; OFF            ; IGNORE_CARRY           ;
; AUTO_CASCADE_CHAINS    ; ON             ; AUTO_CASCADE           ;
; IGNORE_CASCADE_BUFFERS ; OFF            ; IGNORE_CASCADE         ;
+------------------------+----------------+------------------------+
Note: In order to hide this table in the UI and the text report file, please set the "Show Parameter Settings in Synthesis Report" option in "Analysis and Synthesis Settings -> More Settings" to "Off".


+-------------------------------------------------------------------------------------------------------------------------------------+
; Port Connectivity Checks: "hex_to_seg:secs_ones_hex_to_seg"                                                                         ;
+------+--------+----------+----------------------------------------------------------------------------------------------------------+
; Port ; Type   ; Severity ; Details                                                                                                  ;
+------+--------+----------+----------------------------------------------------------------------------------------------------------+
; dp   ; Output ; Warning  ; Declared by entity but not connected by instance. Logic that only feeds a dangling port will be removed. ;
+------+--------+----------+----------------------------------------------------------------------------------------------------------+


+-------------------------------------------------------------------------------------------------------------------------------------+
; Port Connectivity Checks: "hex_to_seg:secs_tens_hex_to_seg"                                                                         ;
+------+--------+----------+----------------------------------------------------------------------------------------------------------+
; Port ; Type   ; Severity ; Details                                                                                                  ;
+------+--------+----------+----------------------------------------------------------------------------------------------------------+
; dp   ; Output ; Warning  ; Declared by entity but not connected by instance. Logic that only feeds a dangling port will be removed. ;
+------+--------+----------+----------------------------------------------------------------------------------------------------------+


+-------------------------------------------------------------------------------------------------------------------------------------+
; Port Connectivity Checks: "hex_to_seg:mins_hex_to_seg"                                                                              ;
+------+--------+----------+----------------------------------------------------------------------------------------------------------+
; Port ; Type   ; Severity ; Details                                                                                                  ;
+------+--------+----------+----------------------------------------------------------------------------------------------------------+
; dp   ; Output ; Warning  ; Declared by entity but not connected by instance. Logic that only feeds a dangling port will be removed. ;
+------+--------+----------+----------------------------------------------------------------------------------------------------------+


+-----------------------------------------------------+
; Post-Synthesis Netlist Statistics for Top Partition ;
+-----------------------+-----------------------------+
; Type                  ; Count                       ;
+-----------------------+-----------------------------+
; arriav_ff             ; 55                          ;
;     CLR               ; 1                           ;
;     ENA               ; 20                          ;
;     ENA CLR           ; 8                           ;
;     ENA SCLR          ; 26                          ;
; arriav_lcell_comb     ; 393                         ;
;     arith             ; 184                         ;
;         0 data inputs ; 36                          ;
;         1 data inputs ; 45                          ;
;         2 data inputs ; 6                           ;
;         3 data inputs ; 47                          ;
;         4 data inputs ; 50                          ;
;     normal            ; 195                         ;
;         0 data inputs ; 1                           ;
;         1 data inputs ; 7                           ;
;         2 data inputs ; 85                          ;
;         3 data inputs ; 51                          ;
;         4 data inputs ; 31                          ;
;         5 data inputs ; 12                          ;
;         6 data inputs ; 8                           ;
;     shared            ; 14                          ;
;         0 data inputs ; 2                           ;
;         1 data inputs ; 12                          ;
; boundary_port         ; 37                          ;
;                       ;                             ;
; Max LUT depth         ; 21.00                       ;
; Average LUT depth     ; 13.28                       ;
+-----------------------+-----------------------------+


+-------------------------------+
; Elapsed Time Per Partition    ;
+----------------+--------------+
; Partition Name ; Elapsed Time ;
+----------------+--------------+
; Top            ; 00:00:01     ;
+----------------+--------------+


+-------------------------------+
; Analysis & Synthesis Messages ;
+-------------------------------+
Info: *******************************************************************
Info: Running Quartus Prime Analysis & Synthesis
    Info: Version 16.1.0 Build 196 10/24/2016 SJ Lite Edition
    Info: Processing started: Sat Nov 18 14:55:29 2023
Info: Command: quartus_map --read_settings_files=on --write_settings_files=off programmable_timer -c programmable_timer
Warning (18236): Number of processors has not been specified which may cause overloading on shared machines.  Set the global assignment NUM_PARALLEL_PROCESSORS in your QSF to an appropriate value for best performance.
Info (20030): Parallel compilation is enabled and will use 2 of the 2 processors detected
Info (12021): Found 2 design units, including 1 entities, in source file programmable_timer.vhd
    Info (12022): Found design unit 1: programmable_timer-BEHAVIOR File: C:/Users/Administrator/Downloads/Polito/DE/Lab02/programmable_timer/programmable_timer.vhd Line: 16
    Info (12023): Found entity 1: programmable_timer File: C:/Users/Administrator/Downloads/Polito/DE/Lab02/programmable_timer/programmable_timer.vhd Line: 7
Info (12021): Found 2 design units, including 1 entities, in source file hex_to_seg.vhd
    Info (12022): Found design unit 1: hex_to_seg-Behavioral File: C:/Users/Administrator/Downloads/Polito/DE/Lab02/programmable_timer/hex_to_seg.vhd Line: 10
    Info (12023): Found entity 1: hex_to_seg File: C:/Users/Administrator/Downloads/Polito/DE/Lab02/programmable_timer/hex_to_seg.vhd Line: 4
Info (12021): Found 2 design units, including 1 entities, in source file programmable_timer_tb.vhd
    Info (12022): Found design unit 1: programmable_timer_tb-BEHAVIOR File: C:/Users/Administrator/Downloads/Polito/DE/Lab02/programmable_timer/programmable_timer_tb.vhd Line: 9
    Info (12023): Found entity 1: programmable_timer_tb File: C:/Users/Administrator/Downloads/Polito/DE/Lab02/programmable_timer/programmable_timer_tb.vhd Line: 6
Info (12127): Elaborating entity "programmable_timer" for the top level hierarchy
Warning (10541): VHDL Signal Declaration warning at programmable_timer.vhd(12): used implicit default value for signal "LEDR" because signal was never assigned a value or an explicit default value. Use of implicit default value may introduce unintended design optimizations. File: C:/Users/Administrator/Downloads/Polito/DE/Lab02/programmable_timer/programmable_timer.vhd Line: 12
Warning (10036): Verilog HDL or VHDL warning at programmable_timer.vhd(22): object "timer_enabled" assigned a value but never read File: C:/Users/Administrator/Downloads/Polito/DE/Lab02/programmable_timer/programmable_timer.vhd Line: 22
Warning (10492): VHDL Process Statement warning at programmable_timer.vhd(46): signal "SW" is read inside the Process Statement but isn't in the Process Statement's sensitivity list File: C:/Users/Administrator/Downloads/Polito/DE/Lab02/programmable_timer/programmable_timer.vhd Line: 46
Warning (10492): VHDL Process Statement warning at programmable_timer.vhd(51): signal "SW" is read inside the Process Statement but isn't in the Process Statement's sensitivity list File: C:/Users/Administrator/Downloads/Polito/DE/Lab02/programmable_timer/programmable_timer.vhd Line: 51
Warning (10492): VHDL Process Statement warning at programmable_timer.vhd(56): signal "SW" is read inside the Process Statement but isn't in the Process Statement's sensitivity list File: C:/Users/Administrator/Downloads/Polito/DE/Lab02/programmable_timer/programmable_timer.vhd Line: 56
Warning (10492): VHDL Process Statement warning at programmable_timer.vhd(61): signal "SW" is read inside the Process Statement but isn't in the Process Statement's sensitivity list File: C:/Users/Administrator/Downloads/Polito/DE/Lab02/programmable_timer/programmable_timer.vhd Line: 61
Warning (10492): VHDL Process Statement warning at programmable_timer.vhd(66): signal "SW" is read inside the Process Statement but isn't in the Process Statement's sensitivity list File: C:/Users/Administrator/Downloads/Polito/DE/Lab02/programmable_timer/programmable_timer.vhd Line: 66
Warning (10492): VHDL Process Statement warning at programmable_timer.vhd(71): signal "SW" is read inside the Process Statement but isn't in the Process Statement's sensitivity list File: C:/Users/Administrator/Downloads/Polito/DE/Lab02/programmable_timer/programmable_timer.vhd Line: 71
Warning (10492): VHDL Process Statement warning at programmable_timer.vhd(76): signal "SW" is read inside the Process Statement but isn't in the Process Statement's sensitivity list File: C:/Users/Administrator/Downloads/Polito/DE/Lab02/programmable_timer/programmable_timer.vhd Line: 76
Warning (10492): VHDL Process Statement warning at programmable_timer.vhd(81): signal "SW" is read inside the Process Statement but isn't in the Process Statement's sensitivity list File: C:/Users/Administrator/Downloads/Polito/DE/Lab02/programmable_timer/programmable_timer.vhd Line: 81
Info (12128): Elaborating entity "hex_to_seg" for hierarchy "hex_to_seg:mins_hex_to_seg" File: C:/Users/Administrator/Downloads/Polito/DE/Lab02/programmable_timer/programmable_timer.vhd Line: 110
Info (278001): Inferred 4 megafunctions from design logic
    Info (278004): Inferred divider/modulo megafunction ("lpm_divide") from the following logic: "Mod0" File: C:/Users/Administrator/Downloads/Polito/DE/Lab02/programmable_timer/programmable_timer.vhd Line: 99
    Info (278004): Inferred divider/modulo megafunction ("lpm_divide") from the following logic: "Mod1" File: C:/Users/Administrator/Downloads/Polito/DE/Lab02/programmable_timer/programmable_timer.vhd Line: 100
    Info (278004): Inferred divider/modulo megafunction ("lpm_divide") from the following logic: "Div1" File: C:/Users/Administrator/Downloads/Polito/DE/Lab02/programmable_timer/programmable_timer.vhd Line: 99
    Info (278004): Inferred divider/modulo megafunction ("lpm_divide") from the following logic: "Div0" File: C:/Users/Administrator/Downloads/Polito/DE/Lab02/programmable_timer/programmable_timer.vhd Line: 98
Info (12130): Elaborated megafunction instantiation "lpm_divide:Mod0" File: C:/Users/Administrator/Downloads/Polito/DE/Lab02/programmable_timer/programmable_timer.vhd Line: 99
Info (12133): Instantiated megafunction "lpm_divide:Mod0" with the following parameter: File: C:/Users/Administrator/Downloads/Polito/DE/Lab02/programmable_timer/programmable_timer.vhd Line: 99
    Info (12134): Parameter "LPM_WIDTHN" = "9"
    Info (12134): Parameter "LPM_WIDTHD" = "9"
    Info (12134): Parameter "LPM_NREPRESENTATION" = "UNSIGNED"
    Info (12134): Parameter "LPM_DREPRESENTATION" = "UNSIGNED"
Info (12021): Found 1 design units, including 1 entities, in source file db/lpm_divide_e2m.tdf
    Info (12023): Found entity 1: lpm_divide_e2m File: C:/Users/Administrator/Downloads/Polito/DE/Lab02/programmable_timer/db/lpm_divide_e2m.tdf Line: 25
Info (12021): Found 1 design units, including 1 entities, in source file db/sign_div_unsign_hkh.tdf
    Info (12023): Found entity 1: sign_div_unsign_hkh File: C:/Users/Administrator/Downloads/Polito/DE/Lab02/programmable_timer/db/sign_div_unsign_hkh.tdf Line: 25
Info (12021): Found 1 design units, including 1 entities, in source file db/alt_u_div_8te.tdf
    Info (12023): Found entity 1: alt_u_div_8te File: C:/Users/Administrator/Downloads/Polito/DE/Lab02/programmable_timer/db/alt_u_div_8te.tdf Line: 23
Info (12130): Elaborated megafunction instantiation "lpm_divide:Mod1" File: C:/Users/Administrator/Downloads/Polito/DE/Lab02/programmable_timer/programmable_timer.vhd Line: 100
Info (12133): Instantiated megafunction "lpm_divide:Mod1" with the following parameter: File: C:/Users/Administrator/Downloads/Polito/DE/Lab02/programmable_timer/programmable_timer.vhd Line: 100
    Info (12134): Parameter "LPM_WIDTHN" = "9"
    Info (12134): Parameter "LPM_WIDTHD" = "9"
    Info (12134): Parameter "LPM_NREPRESENTATION" = "UNSIGNED"
    Info (12134): Parameter "LPM_DREPRESENTATION" = "UNSIGNED"
Info (12130): Elaborated megafunction instantiation "lpm_divide:Div1" File: C:/Users/Administrator/Downloads/Polito/DE/Lab02/programmable_timer/programmable_timer.vhd Line: 99
Info (12133): Instantiated megafunction "lpm_divide:Div1" with the following parameter: File: C:/Users/Administrator/Downloads/Polito/DE/Lab02/programmable_timer/programmable_timer.vhd Line: 99
    Info (12134): Parameter "LPM_WIDTHN" = "9"
    Info (12134): Parameter "LPM_WIDTHD" = "4"
    Info (12134): Parameter "LPM_NREPRESENTATION" = "UNSIGNED"
    Info (12134): Parameter "LPM_DREPRESENTATION" = "UNSIGNED"
Info (12021): Found 1 design units, including 1 entities, in source file db/lpm_divide_6am.tdf
    Info (12023): Found entity 1: lpm_divide_6am File: C:/Users/Administrator/Downloads/Polito/DE/Lab02/programmable_timer/db/lpm_divide_6am.tdf Line: 25
Info (12021): Found 1 design units, including 1 entities, in source file db/sign_div_unsign_ckh.tdf
    Info (12023): Found entity 1: sign_div_unsign_ckh File: C:/Users/Administrator/Downloads/Polito/DE/Lab02/programmable_timer/db/sign_div_unsign_ckh.tdf Line: 25
Info (12021): Found 1 design units, including 1 entities, in source file db/alt_u_div_use.tdf
    Info (12023): Found entity 1: alt_u_div_use File: C:/Users/Administrator/Downloads/Polito/DE/Lab02/programmable_timer/db/alt_u_div_use.tdf Line: 23
Info (12130): Elaborated megafunction instantiation "lpm_divide:Div0" File: C:/Users/Administrator/Downloads/Polito/DE/Lab02/programmable_timer/programmable_timer.vhd Line: 98
Info (12133): Instantiated megafunction "lpm_divide:Div0" with the following parameter: File: C:/Users/Administrator/Downloads/Polito/DE/Lab02/programmable_timer/programmable_timer.vhd Line: 98
    Info (12134): Parameter "LPM_WIDTHN" = "9"
    Info (12134): Parameter "LPM_WIDTHD" = "6"
    Info (12134): Parameter "LPM_NREPRESENTATION" = "UNSIGNED"
    Info (12134): Parameter "LPM_DREPRESENTATION" = "UNSIGNED"
Info (12021): Found 1 design units, including 1 entities, in source file db/lpm_divide_8am.tdf
    Info (12023): Found entity 1: lpm_divide_8am File: C:/Users/Administrator/Downloads/Polito/DE/Lab02/programmable_timer/db/lpm_divide_8am.tdf Line: 25
Info (12021): Found 1 design units, including 1 entities, in source file db/sign_div_unsign_ekh.tdf
    Info (12023): Found entity 1: sign_div_unsign_ekh File: C:/Users/Administrator/Downloads/Polito/DE/Lab02/programmable_timer/db/sign_div_unsign_ekh.tdf Line: 25
Info (12021): Found 1 design units, including 1 entities, in source file db/alt_u_div_2te.tdf
    Info (12023): Found entity 1: alt_u_div_2te File: C:/Users/Administrator/Downloads/Polito/DE/Lab02/programmable_timer/db/alt_u_div_2te.tdf Line: 23
Warning (12241): 3 hierarchies have connectivity warnings - see the Connectivity Checks report folder
Warning (13004): Presettable and clearable registers converted to equivalent circuits with latches. Registers power-up to an undefined state, and DEVCLRn places the registers in an undefined state.
    Warning (13310): Register "seconds_counter[8]" is converted into an equivalent circuit using register "seconds_counter[8]~_emulated" and latch "seconds_counter[8]~1" File: C:/Users/Administrator/Downloads/Polito/DE/Lab02/programmable_timer/programmable_timer.vhd Line: 41
    Warning (13310): Register "seconds_counter[7]" is converted into an equivalent circuit using register "seconds_counter[7]~_emulated" and latch "seconds_counter[7]~5" File: C:/Users/Administrator/Downloads/Polito/DE/Lab02/programmable_timer/programmable_timer.vhd Line: 41
    Warning (13310): Register "seconds_counter[6]" is converted into an equivalent circuit using register "seconds_counter[6]~_emulated" and latch "seconds_counter[6]~9" File: C:/Users/Administrator/Downloads/Polito/DE/Lab02/programmable_timer/programmable_timer.vhd Line: 41
    Warning (13310): Register "seconds_counter[5]" is converted into an equivalent circuit using register "seconds_counter[5]~_emulated" and latch "seconds_counter[5]~13" File: C:/Users/Administrator/Downloads/Polito/DE/Lab02/programmable_timer/programmable_timer.vhd Line: 41
    Warning (13310): Register "seconds_counter[4]" is converted into an equivalent circuit using register "seconds_counter[4]~_emulated" and latch "seconds_counter[4]~17" File: C:/Users/Administrator/Downloads/Polito/DE/Lab02/programmable_timer/programmable_timer.vhd Line: 41
    Warning (13310): Register "seconds_counter[3]" is converted into an equivalent circuit using register "seconds_counter[3]~_emulated" and latch "seconds_counter[3]~21" File: C:/Users/Administrator/Downloads/Polito/DE/Lab02/programmable_timer/programmable_timer.vhd Line: 41
    Warning (13310): Register "seconds_counter[2]" is converted into an equivalent circuit using register "seconds_counter[2]~_emulated" and latch "seconds_counter[2]~25" File: C:/Users/Administrator/Downloads/Polito/DE/Lab02/programmable_timer/programmable_timer.vhd Line: 41
Warning (13024): Output pins are stuck at VCC or GND
    Warning (13410): Pin "LEDR[0]" is stuck at GND File: C:/Users/Administrator/Downloads/Polito/DE/Lab02/programmable_timer/programmable_timer.vhd Line: 12
    Warning (13410): Pin "LEDR[1]" is stuck at GND File: C:/Users/Administrator/Downloads/Polito/DE/Lab02/programmable_timer/programmable_timer.vhd Line: 12
    Warning (13410): Pin "LEDR[2]" is stuck at GND File: C:/Users/Administrator/Downloads/Polito/DE/Lab02/programmable_timer/programmable_timer.vhd Line: 12
    Warning (13410): Pin "LEDR[3]" is stuck at GND File: C:/Users/Administrator/Downloads/Polito/DE/Lab02/programmable_timer/programmable_timer.vhd Line: 12
    Warning (13410): Pin "LEDR[4]" is stuck at GND File: C:/Users/Administrator/Downloads/Polito/DE/Lab02/programmable_timer/programmable_timer.vhd Line: 12
    Warning (13410): Pin "LEDR[5]" is stuck at GND File: C:/Users/Administrator/Downloads/Polito/DE/Lab02/programmable_timer/programmable_timer.vhd Line: 12
    Warning (13410): Pin "LEDR[6]" is stuck at GND File: C:/Users/Administrator/Downloads/Polito/DE/Lab02/programmable_timer/programmable_timer.vhd Line: 12
    Warning (13410): Pin "LEDR[7]" is stuck at GND File: C:/Users/Administrator/Downloads/Polito/DE/Lab02/programmable_timer/programmable_timer.vhd Line: 12
Info (286030): Timing-Driven Synthesis is running
Info (16010): Generating hard_block partition "hard_block:auto_generated_inst"
    Info (16011): Adding 0 node(s), including 0 DDIO, 0 PLL, 0 transceiver and 0 LCELL
Warning (21074): Design contains 1 input pin(s) that do not drive logic
    Warning (15610): No output dependent on input pin "KEY[3]" File: C:/Users/Administrator/Downloads/Polito/DE/Lab02/programmable_timer/programmable_timer.vhd Line: 10
Info (21057): Implemented 438 device resources after synthesis - the final resource count might be different
    Info (21058): Implemented 8 input pins
    Info (21059): Implemented 29 output pins
    Info (21061): Implemented 401 logic cells
Info: Quartus Prime Analysis & Synthesis was successful. 0 errors, 31 warnings
    Info: Peak virtual memory: 4865 megabytes
    Info: Processing ended: Sat Nov 18 14:55:45 2023
    Info: Elapsed time: 00:00:16
    Info: Total CPU time (on all processors): 00:00:35


